<?xml version="1.0" encoding="UTF-8"?>
<testsuite name="com.mjc.school.service.NewsServiceImplTest" tests="8" skipped="0" failures="0" errors="0" timestamp="2023-01-11T11:02:39" hostname="DESKTOP-2R46MIE" time="0.393">
  <properties/>
  <testcase name="givenNewsId_whenGetNewsById_thenReturnNewsDtoResponse()" classname="com.mjc.school.service.NewsServiceImplTest" time="0.194"/>
  <testcase name="givenNewsDtoRequest_whenCreateNews_thenReturnExpectedNewsDtoResponse()" classname="com.mjc.school.service.NewsServiceImplTest" time="0.038"/>
  <testcase name="givenWrongNewsId_whenUpdateNews_thenThrowException()" classname="com.mjc.school.service.NewsServiceImplTest" time="0.019"/>
  <testcase name="givenSizeOfFullList_whenGetAll_thenReturnListOfAllNews()" classname="com.mjc.school.service.NewsServiceImplTest" time="0.069"/>
  <testcase name="givenNewsId_whenDeleteNews_thenReturnTrue()" classname="com.mjc.school.service.NewsServiceImplTest" time="0.013"/>
  <testcase name="givenNewsDtoRequest_whenUpdate_thenReturnUpdatedNewsDtoResponse()" classname="com.mjc.school.service.NewsServiceImplTest" time="0.026"/>
  <testcase name="givenWrongNewsId_whenGetNewsById_thenThrowException()" classname="com.mjc.school.service.NewsServiceImplTest" time="0.015"/>
  <testcase name="givenWrongNewsId_whenDeleteNews_thenThrowException()" classname="com.mjc.school.service.NewsServiceImplTest" time="0.009"/>
  <system-out><![CDATA[NewsDtoResponse{id=1, title='COURT PROCEDURE -- EVIDENCE', content='An inspiring couple recreating their wedding photo 70 years later.', createDate=2022-02-09T12:51:39, lastUpdateDate=2022-02-09T12:51:39, authorId=4}
NewsDtoResponse{id=2, title='COMPENSATION', content='This dedication to eradicating a killer disease.', createDate=2022-02-09T12:51:39, lastUpdateDate=2022-02-09T12:51:39, authorId=11}
NewsDtoResponse{id=3, title='MAINE NONPROFIT CORPORATION ACT', content='The reaction of a dog rescued by a firefighter. in the words, of GMP Lead Editor, Shawn Henfling, "Dogs are my favorite people."', createDate=2022-02-09T12:51:39, lastUpdateDate=2022-02-09T12:51:39, authorId=5}
NewsDtoResponse{id=4, title='CRIMES', content='One man's drastic 400 pound weight loss spurred on by supportive gym pals.', createDate=2022-02-09T12:51:39, lastUpdateDate=2022-02-09T12:51:39, authorId=10}
NewsDtoResponse{id=5, title='AGRICULTURE, CONSERVATION AND FORESTRY', content='San Francisco's mobile shower truck for the homeless.', createDate=2022-02-09T12:51:39, lastUpdateDate=2022-02-09T12:51:39, authorId=13}
NewsDtoResponse{id=6, title='COURT PROCEDURE -- CIVIL', content='This morality Christmas ad with the joyful twist, which will make your eyelids sweaty.', createDate=2022-02-09T12:51:39, lastUpdateDate=2022-02-09T12:51:39, authorId=8}
NewsDtoResponse{id=7, title='UNIFORM COMMERCIAL CODE', content='This little boy giving his sister bone marrow, even though he believed it would kill him.', createDate=2022-02-09T12:51:39, lastUpdateDate=2022-02-09T12:51:39, authorId=1}
NewsDtoResponse{id=8, title='COURT PROCEDURE -- CRIMINAL', content='A Nigerian boy solves a 30-year math equation, is recognized by a Japanese university.', createDate=2022-02-09T12:51:39, lastUpdateDate=2022-02-09T12:51:39, authorId=1}
NewsDtoResponse{id=9, title='PROBATE CODE', content='San Francisco's mobile shower truck for the homeless.', createDate=2022-02-09T12:51:39, lastUpdateDate=2022-02-09T12:51:39, authorId=9}
NewsDtoResponse{id=10, title='CRIMES', content='A Nigerian boy solves a 30-year math equation, is recognized by a Japanese university.', createDate=2022-02-09T12:51:39, lastUpdateDate=2022-02-09T12:51:39, authorId=2}
NewsDtoResponse{id=11, title='MAINE NONPROFIT CORPORATION ACT', content='The 18-year old grandson taking his grandma to prom, and other feel-goods.', createDate=2022-02-09T12:51:39, lastUpdateDate=2022-02-09T12:51:39, authorId=1}
NewsDtoResponse{id=12, title='COURT PROCEDURE -- EVIDENCE', content='This little boy giving his sister bone marrow, even though he believed it would kill him.', createDate=2022-02-09T12:51:39, lastUpdateDate=2022-02-09T12:51:39, authorId=10}
NewsDtoResponse{id=13, title='DOMESTIC RELATIONS', content='A psychic daughter confiding in her mum, "I've had a lot of mums but you are the best by far."', createDate=2022-02-09T12:51:39, lastUpdateDate=2022-02-09T12:51:39, authorId=11}
NewsDtoResponse{id=14, title='ADMINISTRATIVE PROCEDURES AND SERVICES', content='The church that tipped a pizza guy who is in recovery $700. Warning, the tears will flow.', createDate=2022-02-09T12:51:39, lastUpdateDate=2022-02-09T12:51:39, authorId=9}
NewsDtoResponse{id=15, title='LEGISLATURE', content='A man fulfilling a young girl's wish for a new toy from Santa, described in a letter that literally dropped from the sky.', createDate=2022-02-09T12:51:39, lastUpdateDate=2022-02-09T12:51:39, authorId=18}
NewsDtoResponse{id=16, title='MAINE CRIMINAL CODE', content='The worst flood in India in 100 years brings Twitter to the rescue.', createDate=2022-02-09T12:51:39, lastUpdateDate=2022-02-09T12:51:39, authorId=12}
NewsDtoResponse{id=17, title='COURT PROCEDURE -- CRIMINAL', content='The reaction of a dog rescued by a firefighter. in the words, of GMP Lead Editor, Shawn Henfling, "Dogs are my favorite people."', createDate=2022-02-09T12:51:39, lastUpdateDate=2022-02-09T12:51:39, authorId=15}
NewsDtoResponse{id=18, title='PROBATE CODE', content='One patient recounting: "My doctor ordered a $6,000 treatment machine, to accelerate my healing. The cost for me to use this machine for the next month? Zero.', createDate=2022-02-09T12:51:39, lastUpdateDate=2022-02-09T12:51:39, authorId=9}
NewsDtoResponse{id=19, title='CORPORATIONS', content='WWGSA and these moving words from transplanted international students discovering the love for their American host families: "I love it here you are all so nice to me." "You are the best American Mom & Dad I could ever ask for." "I love my sister I'm so happy to have had this opportunity."', createDate=2022-02-09T12:51:39, lastUpdateDate=2022-02-09T12:51:39, authorId=10}
NewsDtoResponse{id=20, title='COMMERCE AND TRADE', content='One man's drastic 400 pound weight loss spurred on by supportive gym pals.', createDate=2022-02-09T12:51:39, lastUpdateDate=2022-02-09T12:51:39, authorId=14}
]]></system-out>
  <system-err><![CDATA[]]></system-err>
</testsuite>
